Arguments: 
  /usr/local/bin/node /usr/local/bin/yarn install

PATH: 
  /usr/local/bin:/usr/bin:/bin:/usr/sbin:/sbin:/Library/Apple/usr/bin

Yarn version: 
  1.22.11

Node version: 
  16.15.0

Platform: 
  darwin x64

Trace: 
  Error: https://registry.yarnpkg.com/react-dom/-/react-dom-16.14.0.tgz: ETIMEDOUT
      at Timeout._onTimeout (/usr/local/lib/node_modules/yarn/lib/cli.js:141423:19)
      at listOnTimeout (node:internal/timers:559:17)
      at processTimers (node:internal/timers:502:7)

npm manifest: 
  {
    "name": "josh_portfolio(2022)",
    "version": "1.0.0",
    "description": "",
    "main": "index.js",
    "scripts": {
      "dev": "next dev",
      "start": "next start",
      "build": "next build"
    },
    "keywords": [],
    "author": "",
    "license": "ISC",
    "dependencies": {
      "animate.css": "^4.1.1",
      "boxicons": "^2.1.2",
      "jsonwebtoken": "^8.5.1",
      "next": "^12.1.4",
      "nprogress": "^0.2.0",
      "react": "^18.0.0",
      "react-animation-on-scroll": "^5.1.0",
      "react-dom": "^18.0.0"
    },
    "devDependencies": {
      "autoprefixer": "^10.4.4",
      "postcss": "^8.4.12",
      "tailwindcss": "^3.0.23"
    }
  }

yarn manifest: 
  No manifest

Lockfile: 
  No lockfile
